<?xml version="1.0" encoding="UTF-8"?>
<!-- Generated by org.testng.reporters.JUnitXMLReporter -->
<testsuite ignored="4" hostname="DESKTOP-AL2CIG6" failures="0" tests="5" name="PersonalLoan" time="0.148" errors="0" timestamp="2021-03-18T19:48:35 BDT">
  <testcase classname="test.Day2" name="demo1day2" time="0.017"/>
  <testcase classname="test.Day1" name="Demo1day1" time="0.004"/>
  <testcase classname="test.Day1" name="Demo3day1" time="0.011"/>
  <testcase classname="test.Day1" name="Demo4day1" time="0.008"/>
  <testcase classname="test.Day1" name="Demo5day1" time="0.004"/>
  <testcase classname="test.Day1" name="Demo2day1" time="0.0">
    <ignored/>
  </testcase> <!-- Demo2day1 -->
  <testcase classname="test.Day2" name="demo3day2" time="0.0">
    <ignored/>
  </testcase> <!-- demo3day2 -->
  <testcase classname="test.Day2" name="demo4day2" time="0.0">
    <ignored/>
  </testcase> <!-- demo4day2 -->
  <testcase classname="test.Day2" name="demo2day2" time="0.0">
    <ignored/>
  </testcase> <!-- demo2day2 -->
</testsuite> <!-- PersonalLoan -->
