<?xml version="1.0" encoding="UTF-8"?>
<!-- Generated by org.testng.reporters.JUnitXMLReporter -->
<testsuite ignored="2" hostname="DESKTOP-AL2CIG6" failures="0" tests="5" name="PersonalLoan" time="0.036" errors="0" timestamp="2021-03-22T19:15:13 BDT">
  <testcase classname="test.Day2" name="demo1day2" time="0.003"/>
  <testcase classname="test.Day1" name="Demo1day1" time="0.002"/>
  <testcase classname="test.Day1" name="Demo1day11" time="0.003"/>
  <testcase classname="test.Day1" name="Demo1day12" time="0.002"/>
  <testcase classname="test.Day1" name="Demo3day1" time="0.002"/>
  <testcase classname="test.Day2" name="demo3day2" time="0.0">
    <ignored/>
  </testcase> <!-- demo3day2 -->
  <testcase classname="test.Day2" name="demo4day2" time="0.0">
    <ignored/>
  </testcase> <!-- demo4day2 -->
</testsuite> <!-- PersonalLoan -->
