<?xml version="1.0" encoding="UTF-8"?>
<!-- Generated by org.testng.reporters.JUnitXMLReporter -->
<testsuite ignored="0" hostname="DESKTOP-AL2CIG6" failures="0" tests="3" name="Smoke Testcases" time="0.185" errors="0" timestamp="2021-03-24T14:40:05 BDT">
  <testcase classname="testngFiles.Annotations" name="FlightBooking" time="0.033"/>
  <testcase classname="testngFiles.Annotations" name="OpeningBrowser" time="0.008"/>
  <testcase classname="testngFiles.Annot2" name="software" time="0.005"/>
</testsuite> <!-- Smoke Testcases -->
