<?xml version="1.0" encoding="UTF-8"?>
<testng-results ignored="0" total="3" passed="3" failed="0" skipped="0">
  <reporter-output>
  </reporter-output>
  <suite started-at="2021-03-18T18:20:51 BDT" name="LoanDepertment" finished-at="2021-03-18T18:20:51 BDT" duration-ms="85">
    <groups>
    </groups>
    <test started-at="2021-03-18T18:20:51 BDT" name="PersonalLoan" finished-at="2021-03-18T18:20:51 BDT" duration-ms="85">
      <class name="test.Day1">
        <test-method signature="Demo()[pri:0, instance:test.Day1@4f638935]" started-at="2021-03-18T18:20:51 BDT" name="Demo" finished-at="2021-03-18T18:20:51 BDT" duration-ms="13" status="PASS">
          <reporter-output>
          </reporter-output>
        </test-method> <!-- Demo -->
        <test-method signature="Demo2()[pri:0, instance:test.Day1@4f638935]" started-at="2021-03-18T18:20:51 BDT" name="Demo2" finished-at="2021-03-18T18:20:51 BDT" duration-ms="4" status="PASS">
          <reporter-output>
          </reporter-output>
        </test-method> <!-- Demo2 -->
      </class> <!-- test.Day1 -->
      <class name="test.Day2">
        <test-method signature="demo()[pri:0, instance:test.Day2@4387b79e]" started-at="2021-03-18T18:20:51 BDT" name="demo" finished-at="2021-03-18T18:20:51 BDT" duration-ms="7" status="PASS">
          <reporter-output>
          </reporter-output>
        </test-method> <!-- demo -->
      </class> <!-- test.Day2 -->
    </test> <!-- PersonalLoan -->
  </suite> <!-- LoanDepertment -->
</testng-results>
