<?xml version="1.0" encoding="UTF-8"?>
<testng-results ignored="4" total="10" passed="6" failed="0" skipped="0">
  <reporter-output>
  </reporter-output>
  <suite started-at="2021-03-18T19:48:35 BDT" name="LoanDepertment" finished-at="2021-03-18T19:48:35 BDT" duration-ms="262">
    <groups>
    </groups>
    <test started-at="2021-03-18T19:48:35 BDT" name="PersonalLoan" finished-at="2021-03-18T19:48:35 BDT" duration-ms="148">
      <class name="test.Day1">
        <test-method signature="Demo1day1()[pri:0, instance:test.Day1@10db82ae]" started-at="2021-03-18T19:48:35 BDT" name="Demo1day1" finished-at="2021-03-18T19:48:35 BDT" duration-ms="4" status="PASS">
          <reporter-output>
          </reporter-output>
        </test-method> <!-- Demo1day1 -->
        <test-method signature="Demo3day1()[pri:0, instance:test.Day1@10db82ae]" started-at="2021-03-18T19:48:35 BDT" name="Demo3day1" finished-at="2021-03-18T19:48:35 BDT" duration-ms="11" status="PASS">
          <reporter-output>
          </reporter-output>
        </test-method> <!-- Demo3day1 -->
        <test-method signature="Demo4day1()[pri:0, instance:test.Day1@10db82ae]" started-at="2021-03-18T19:48:35 BDT" name="Demo4day1" finished-at="2021-03-18T19:48:35 BDT" duration-ms="8" status="PASS">
          <reporter-output>
          </reporter-output>
        </test-method> <!-- Demo4day1 -->
        <test-method signature="Demo5day1()[pri:0, instance:test.Day1@10db82ae]" started-at="2021-03-18T19:48:35 BDT" name="Demo5day1" finished-at="2021-03-18T19:48:35 BDT" duration-ms="4" status="PASS">
          <reporter-output>
          </reporter-output>
        </test-method> <!-- Demo5day1 -->
      </class> <!-- test.Day1 -->
      <class name="test.Day2">
        <test-method signature="demo1day2()[pri:0, instance:test.Day2@78dd667e]" started-at="2021-03-18T19:48:35 BDT" name="demo1day2" finished-at="2021-03-18T19:48:35 BDT" duration-ms="17" status="PASS">
          <reporter-output>
          </reporter-output>
        </test-method> <!-- demo1day2 -->
      </class> <!-- test.Day2 -->
    </test> <!-- PersonalLoan -->
    <test started-at="2021-03-18T19:48:35 BDT" name="HomeLoan" finished-at="2021-03-18T19:48:35 BDT" duration-ms="6">
      <class name="test.Day3">
        <test-method signature="loanFinal()[pri:0, instance:test.Day3@14d3bc22]" started-at="2021-03-18T19:48:35 BDT" name="loanFinal" finished-at="2021-03-18T19:48:35 BDT" duration-ms="2" status="PASS">
          <reporter-output>
          </reporter-output>
        </test-method> <!-- loanFinal -->
      </class> <!-- test.Day3 -->
    </test> <!-- HomeLoan -->
  </suite> <!-- LoanDepertment -->
</testng-results>
