<?xml version="1.0" encoding="UTF-8"?>
<!-- Generated by org.testng.reporters.JUnitXMLReporter -->
<testsuite ignored="0" hostname="DESKTOP-AL2CIG6" failures="0" tests="8" name="New test" time="0.061" errors="0" timestamp="2021-03-24T12:38:06 BDT">
  <testcase classname="test.Day3" name="loanFinalkk" time="0.003"/>
  <testcase classname="test.Day3" name="loanFinall" time="0.003"/>
  <testcase classname="test.Day3" name="loanFinalww" time="0.001"/>
  <testcase classname="test.Day3" name="login" time="0.001"/>
  <testcase classname="test.Day3" name="login" time="0.004"/>
  <testcase classname="test.Day3" name="login" time="0.004"/>
  <testcase classname="test.Day3" name="loanFinalk" time="0.003"/>
  <testcase classname="test.Day3" name="loanFinalw" time="0.005"/>
</testsuite> <!-- New test -->
