<?xml version="1.0" encoding="UTF-8"?>
<!-- Generated by org.testng.reporters.JUnitXMLReporter -->
<testsuite ignored="0" hostname="DESKTOP-AL2CIG6" failures="0" tests="8" name="New test" time="0.086" errors="0" timestamp="2021-03-24T13:50:33 BDT">
  <testcase classname="test.Day3" name="loanFinalkk" time="0.002"/>
  <testcase classname="test.Day3" name="loanFinall" time="0.003"/>
  <testcase classname="test.Day3" name="loanFinalww" time="0.006"/>
  <testcase classname="test.Day3" name="login" time="0.002"/>
  <testcase classname="test.Day3" name="login" time="0.005"/>
  <testcase classname="test.Day3" name="login" time="0.003"/>
  <testcase classname="test.Day3" name="loanFinalk" time="0.003"/>
  <testcase classname="test.Day3" name="loanFinalw" time="0.003"/>
</testsuite> <!-- New test -->
