<?xml version="1.0" encoding="UTF-8"?>
<!-- Generated by org.testng.reporters.JUnitXMLReporter -->
<testsuite ignored="1" hostname="DESKTOP-AL2CIG6" failures="0" tests="6" name="Regression" time="0.112" errors="0" timestamp="2021-03-24T12:38:05 BDT">
  <testcase classname="test.Day1" name="Demo1day1" time="0.01"/>
  <testcase classname="test.Day1" name="Demo1day11" time="0.002"/>
  <testcase classname="test.Day1" name="Demo1day12" time="0.001"/>
  <testcase classname="test.Day1" name="Demo3day1" time="0.002"/>
  <testcase classname="test.Day2" name="demo1day2" time="0.01"/>
  <testcase classname="test.Day2" name="demo4day2" time="0.002"/>
  <testcase classname="test.Day2" name="demo3day2" time="0.0">
    <ignored/>
  </testcase> <!-- demo3day2 -->
</testsuite> <!-- Regression -->
