<?xml version="1.0" encoding="UTF-8"?>
<!-- Generated by org.testng.reporters.JUnitXMLReporter -->
<testsuite ignored="1" hostname="DESKTOP-AL2CIG6" failures="0" tests="2" name="Default test" time="0.193" errors="0" timestamp="2021-03-23T14:58:57 BDT">
  <testcase classname="test.Day2" name="demo1day2" time="0.113"/>
  <testcase classname="test.Day2" name="demo4day2" time="0.007"/>
  <testcase classname="test.Day2" name="demo3day2" time="0.0">
    <ignored/>
  </testcase> <!-- demo3day2 -->
</testsuite> <!-- Default test -->
