<?xml version="1.0" encoding="UTF-8"?>
<!-- Generated by org.testng.reporters.JUnitXMLReporter -->
<testsuite ignored="0" hostname="DESKTOP-AL2CIG6" failures="0" tests="6" name="Default test" time="18.918" errors="0" timestamp="2021-03-24T20:11:48 BDT">
  <testcase classname="testngFiles.Annot2" name="login" time="9.331"/>
  <testcase classname="testngFiles.Annot2" name="software" time="0.002"/>
  <testcase classname="datddriven.Annotations" name="Userid" time="0.003"/>
  <testcase classname="datddriven.Annotations" name="Userid" time="0.002"/>
  <testcase classname="datddriven.Annotations" name="Userid" time="0.001"/>
  <testcase classname="datddriven.Annotations" name="UseridGeneration" time="9.461"/>
</testsuite> <!-- Default test -->
